app/build/intermediates/manifest_merge_blame_file/debug/processDebugMainManifest/manifest-merger-blame-debug-report.txt
1<?xml version="1.0" encoding="utf-8"?>
2<manifest xmlns:android="http://schemas.android.com/apk/res/android"
3    package="com.fll.archaeologyform"
4    android:versionCode="1"
5    android:versionName="1.0" >
6
7    <uses-sdk
8        android:minSdkVersion="29"
9        android:targetSdkVersion="34" />
10
11    <uses-permission android:name="android.permission.RECORD_AUDIO" />
11-->src\main\AndroidManifest.xml:5:5-71
11-->src\main\AndroidManifest.xml:5:22-68
12    <uses-permission android:name="android.permission.BLUETOOTH_CONNECT" />
12-->src\main\AndroidManifest.xml:6:5-76
12-->src\main\AndroidManifest.xml:6:22-73
13    <uses-permission
13-->src\main\AndroidManifest.xml:7:5-8:38
14        android:name="android.permission.BLUETOOTH"
14-->src\main\AndroidManifest.xml:7:22-65
15        android:maxSdkVersion="30" />
15-->src\main\AndroidManifest.xml:8:9-35
16    <uses-permission android:name="android.permission.MODIFY_AUDIO_SETTINGS" />
16-->src\main\AndroidManifest.xml:9:5-80
16-->src\main\AndroidManifest.xml:9:22-77
17    <uses-permission android:name="android.permission.INTERNET" />
17-->src\main\AndroidManifest.xml:10:5-67
17-->src\main\AndroidManifest.xml:10:22-64
18    <uses-permission android:name="android.permission.CAMERA" />
18-->src\main\AndroidManifest.xml:11:5-65
18-->src\main\AndroidManifest.xml:11:22-62
19    <uses-permission android:name="android.permission.ACCESS_FINE_LOCATION" />
19-->src\main\AndroidManifest.xml:12:5-79
19-->src\main\AndroidManifest.xml:12:22-76
20    <uses-permission android:name="android.permission.ACCESS_COARSE_LOCATION" />
20-->src\main\AndroidManifest.xml:13:5-81
20-->src\main\AndroidManifest.xml:13:22-78
21    <uses-permission android:name="android.permission.READ_MEDIA_IMAGES" />
21-->src\main\AndroidManifest.xml:14:5-76
21-->src\main\AndroidManifest.xml:14:22-73
22    <uses-permission
22-->src\main\AndroidManifest.xml:15:5-16:38
23        android:name="android.permission.READ_EXTERNAL_STORAGE"
23-->src\main\AndroidManifest.xml:15:22-77
24        android:maxSdkVersion="32" />
24-->src\main\AndroidManifest.xml:16:9-35
25
26    <queries>
26-->[com.meta.wearable:mwdat-camera:0.4.0] AndroidManifest.xml:15:5-18:15
27        <package android:name="com.facebook.stella" />
27-->[com.meta.wearable:mwdat-camera:0.4.0] AndroidManifest.xml:16:9-55
27-->[com.meta.wearable:mwdat-camera:0.4.0] AndroidManifest.xml:16:18-52
28        <package android:name="com.facebook.stella_debug" />
28-->[com.meta.wearable:mwdat-camera:0.4.0] AndroidManifest.xml:17:9-61
28-->[com.meta.wearable:mwdat-camera:0.4.0] AndroidManifest.xml:17:18-58
29    </queries>
30
31    <permission
31-->[com.meta.wearable:mwdat-camera:0.4.0] AndroidManifest.xml:20:5-22:47
32        android:name="com.fll.archaeologyform.DYNAMIC_RECEIVER_NOT_EXPORTED_PERMISSION"
32-->[com.meta.wearable:mwdat-camera:0.4.0] AndroidManifest.xml:21:9-81
33        android:protectionLevel="signature" />
33-->[com.meta.wearable:mwdat-camera:0.4.0] AndroidManifest.xml:22:9-44
34
35    <uses-permission android:name="com.fll.archaeologyform.DYNAMIC_RECEIVER_NOT_EXPORTED_PERMISSION" />
35-->[com.meta.wearable:mwdat-camera:0.4.0] AndroidManifest.xml:24:5-97
35-->[com.meta.wearable:mwdat-camera:0.4.0] AndroidManifest.xml:24:22-94
36
37    <application
37-->src\main\AndroidManifest.xml:18:5-83:19
38        android:name="com.fll.archaeologyform.ArchaeologyApplication"
38-->src\main\AndroidManifest.xml:19:9-47
39        android:allowBackup="true"
39-->src\main\AndroidManifest.xml:20:9-35
40        android:appComponentFactory="androidx.core.app.CoreComponentFactory"
40-->[com.meta.wearable:mwdat-camera:0.4.0] AndroidManifest.xml:26:18-86
41        android:debuggable="true"
42        android:extractNativeLibs="false"
43        android:label="MARP"
43-->src\main\AndroidManifest.xml:21:9-29
44        android:testOnly="true"
45        android:theme="@style/Theme.AppCompat.Light.NoActionBar" >
45-->src\main\AndroidManifest.xml:22:9-65
46
47        <!-- Meta SDK Configuration - Developer Mode -->
48        <meta-data
48-->src\main\AndroidManifest.xml:25:9-27:33
49            android:name="com.meta.wearable.mwdat.APPLICATION_ID"
49-->src\main\AndroidManifest.xml:26:13-66
50            android:value="0" />
50-->src\main\AndroidManifest.xml:27:13-30
51
52        <!-- Home screen - launcher -->
53        <activity
53-->src\main\AndroidManifest.xml:30:9-37:20
54            android:name="com.fll.archaeologyform.HomeActivity"
54-->src\main\AndroidManifest.xml:31:13-41
55            android:exported="true" >
55-->src\main\AndroidManifest.xml:32:13-36
56            <intent-filter>
56-->src\main\AndroidManifest.xml:33:13-36:29
57                <action android:name="android.intent.action.MAIN" />
57-->src\main\AndroidManifest.xml:34:17-69
57-->src\main\AndroidManifest.xml:34:25-66
58
59                <category android:name="android.intent.category.LAUNCHER" />
59-->src\main\AndroidManifest.xml:35:17-77
59-->src\main\AndroidManifest.xml:35:27-74
60            </intent-filter>
61        </activity>
62
63        <!-- Field Record (Voice + Photo from Glasses) -->
64        <activity
64-->src\main\AndroidManifest.xml:40:9-49:20
65            android:name="com.fll.archaeologyform.MainActivity"
65-->src\main\AndroidManifest.xml:41:13-41
66            android:exported="true" >
66-->src\main\AndroidManifest.xml:42:13-36
67            <intent-filter>
67-->src\main\AndroidManifest.xml:43:13-48:29
68                <action android:name="android.intent.action.VIEW" />
68-->src\main\AndroidManifest.xml:44:17-69
68-->src\main\AndroidManifest.xml:44:25-66
69
70                <category android:name="android.intent.category.DEFAULT" />
70-->src\main\AndroidManifest.xml:45:17-76
70-->src\main\AndroidManifest.xml:45:27-73
71                <category android:name="android.intent.category.BROWSABLE" />
71-->src\main\AndroidManifest.xml:46:17-78
71-->src\main\AndroidManifest.xml:46:27-75
72
73                <data android:scheme="archaeologyform" />
73-->src\main\AndroidManifest.xml:47:17-58
73-->src\main\AndroidManifest.xml:47:23-55
74            </intent-filter>
75        </activity>
76
77        <!-- Records Viewer -->
78        <activity
78-->src\main\AndroidManifest.xml:52:9-54:40
79            android:name="com.fll.archaeologyform.RecordsActivity"
79-->src\main\AndroidManifest.xml:53:13-44
80            android:exported="false" />
80-->src\main\AndroidManifest.xml:54:13-37
81
82        <!-- Record Detail -->
83        <activity
83-->src\main\AndroidManifest.xml:57:9-59:40
84            android:name="com.fll.archaeologyform.RecordDetailActivity"
84-->src\main\AndroidManifest.xml:58:13-49
85            android:exported="false" />
85-->src\main\AndroidManifest.xml:59:13-37
86
87        <!-- Custom Field Form with CSV import -->
88        <activity
88-->src\main\AndroidManifest.xml:62:9-64:40
89            android:name="com.fll.archaeologyform.CustomFormActivity"
89-->src\main\AndroidManifest.xml:63:13-47
90            android:exported="false" />
90-->src\main\AndroidManifest.xml:64:13-37
91
92        <!-- Glasses Live Stream -->
93        <activity
93-->src\main\AndroidManifest.xml:67:9-70:52
94            android:name="com.fll.archaeologyform.GlassesStreamActivity"
94-->src\main\AndroidManifest.xml:68:13-50
95            android:exported="false"
95-->src\main\AndroidManifest.xml:69:13-37
96            android:screenOrientation="portrait" />
96-->src\main\AndroidManifest.xml:70:13-49
97
98        <!-- FileProvider for phone camera fallback URIs -->
99        <provider
100            android:name="androidx.core.content.FileProvider"
100-->src\main\AndroidManifest.xml:74:13-62
101            android:authorities="com.fll.archaeologyform.fileprovider"
101-->src\main\AndroidManifest.xml:75:13-64
102            android:exported="false"
102-->src\main\AndroidManifest.xml:76:13-37
103            android:grantUriPermissions="true" >
103-->src\main\AndroidManifest.xml:77:13-47
104            <meta-data
104-->src\main\AndroidManifest.xml:78:13-80:54
105                android:name="android.support.FILE_PROVIDER_PATHS"
105-->src\main\AndroidManifest.xml:79:17-67
106                android:resource="@xml/file_paths" />
106-->src\main\AndroidManifest.xml:80:17-51
107        </provider>
108
109        <service
109-->[com.meta.wearable:mwdat-camera:0.4.0] AndroidManifest.xml:27:9-35:19
110            android:name="com.meta.wearable.acdc.sdk.service.ACDCRegistrationService"
110-->[com.meta.wearable:mwdat-camera:0.4.0] AndroidManifest.xml:28:13-86
111            android:exported="true" >
111-->[com.meta.wearable:mwdat-camera:0.4.0] AndroidManifest.xml:29:13-36
112            <intent-filter>
112-->[com.meta.wearable:mwdat-camera:0.4.0] AndroidManifest.xml:30:13-34:29
113                <action android:name="com.meta.wearable.acdc.sdk.service.ACDCRegistrationService.BIND" />
113-->[com.meta.wearable:mwdat-camera:0.4.0] AndroidManifest.xml:31:17-106
113-->[com.meta.wearable:mwdat-camera:0.4.0] AndroidManifest.xml:31:25-103
114
115                <category android:name="android.intent.category.DEFAULT" />
115-->src\main\AndroidManifest.xml:45:17-76
115-->src\main\AndroidManifest.xml:45:27-73
116            </intent-filter>
117        </service>
118
119        <provider
119-->[com.meta.wearable:mwdat-camera:0.4.0] AndroidManifest.xml:37:9-50:20
120            android:name="androidx.startup.InitializationProvider"
120-->[com.meta.wearable:mwdat-camera:0.4.0] AndroidManifest.xml:38:13-67
121            android:authorities="com.fll.archaeologyform.androidx-startup"
121-->[com.meta.wearable:mwdat-camera:0.4.0] AndroidManifest.xml:39:13-68
122            android:exported="false" >
122-->[com.meta.wearable:mwdat-camera:0.4.0] AndroidManifest.xml:40:13-37
123            <meta-data
123-->[com.meta.wearable:mwdat-camera:0.4.0] AndroidManifest.xml:41:13-43:52
124                android:name="androidx.emoji2.text.EmojiCompatInitializer"
124-->[com.meta.wearable:mwdat-camera:0.4.0] AndroidManifest.xml:42:17-75
125                android:value="androidx.startup" />
125-->[com.meta.wearable:mwdat-camera:0.4.0] AndroidManifest.xml:43:17-49
126            <meta-data
126-->[com.meta.wearable:mwdat-camera:0.4.0] AndroidManifest.xml:44:13-46:52
127                android:name="androidx.lifecycle.ProcessLifecycleInitializer"
127-->[com.meta.wearable:mwdat-camera:0.4.0] AndroidManifest.xml:45:17-78
128                android:value="androidx.startup" />
128-->[com.meta.wearable:mwdat-camera:0.4.0] AndroidManifest.xml:46:17-49
129            <meta-data
129-->[com.meta.wearable:mwdat-camera:0.4.0] AndroidManifest.xml:47:13-49:52
130                android:name="androidx.profileinstaller.ProfileInstallerInitializer"
130-->[com.meta.wearable:mwdat-camera:0.4.0] AndroidManifest.xml:48:17-85
131                android:value="androidx.startup" />
131-->[com.meta.wearable:mwdat-camera:0.4.0] AndroidManifest.xml:49:17-49
132        </provider>
133
134        <receiver
134-->[com.meta.wearable:mwdat-camera:0.4.0] AndroidManifest.xml:52:9-70:20
135            android:name="androidx.profileinstaller.ProfileInstallReceiver"
135-->[com.meta.wearable:mwdat-camera:0.4.0] AndroidManifest.xml:53:13-76
136            android:directBootAware="false"
136-->[com.meta.wearable:mwdat-camera:0.4.0] AndroidManifest.xml:54:13-44
137            android:enabled="true"
137-->[com.meta.wearable:mwdat-camera:0.4.0] AndroidManifest.xml:55:13-35
138            android:exported="true"
138-->[com.meta.wearable:mwdat-camera:0.4.0] AndroidManifest.xml:56:13-36
139            android:permission="android.permission.DUMP" >
139-->[com.meta.wearable:mwdat-camera:0.4.0] AndroidManifest.xml:57:13-57
140            <intent-filter>
140-->[com.meta.wearable:mwdat-camera:0.4.0] AndroidManifest.xml:58:13-60:29
141                <action android:name="androidx.profileinstaller.action.INSTALL_PROFILE" />
141-->[com.meta.wearable:mwdat-camera:0.4.0] AndroidManifest.xml:59:17-91
141-->[com.meta.wearable:mwdat-camera:0.4.0] AndroidManifest.xml:59:25-88
142            </intent-filter>
143            <intent-filter>
143-->[com.meta.wearable:mwdat-camera:0.4.0] AndroidManifest.xml:61:13-63:29
144                <action android:name="androidx.profileinstaller.action.SKIP_FILE" />
144-->[com.meta.wearable:mwdat-camera:0.4.0] AndroidManifest.xml:62:17-85
144-->[com.meta.wearable:mwdat-camera:0.4.0] AndroidManifest.xml:62:25-82
145            </intent-filter>
146            <intent-filter>
146-->[com.meta.wearable:mwdat-camera:0.4.0] AndroidManifest.xml:64:13-66:29
147                <action android:name="androidx.profileinstaller.action.SAVE_PROFILE" />
147-->[com.meta.wearable:mwdat-camera:0.4.0] AndroidManifest.xml:65:17-88
147-->[com.meta.wearable:mwdat-camera:0.4.0] AndroidManifest.xml:65:25-85
148            </intent-filter>
149            <intent-filter>
149-->[com.meta.wearable:mwdat-camera:0.4.0] AndroidManifest.xml:67:13-69:29
150                <action android:name="androidx.profileinstaller.action.BENCHMARK_OPERATION" />
150-->[com.meta.wearable:mwdat-camera:0.4.0] AndroidManifest.xml:68:17-95
150-->[com.meta.wearable:mwdat-camera:0.4.0] AndroidManifest.xml:68:25-92
151            </intent-filter>
152        </receiver>
153
154        <meta-data
154-->[com.facebook.soloader:soloader:0.12.1] AndroidManifest.xml:12:9-14:37
155            android:name="com.facebook.soloader.enabled"
155-->[com.facebook.soloader:soloader:0.12.1] AndroidManifest.xml:13:13-57
156            android:value="false" />
156-->[com.facebook.soloader:soloader:0.12.1] AndroidManifest.xml:14:13-34
157    </application>
158
159</manifest>